<?xml version="1.0" encoding="UTF-8"?>
<testng-results ignored="0" total="1" passed="1" failed="0" skipped="0">
  <reporter-output>
  </reporter-output>
  <suite started-at="2025-08-08T08:25:23 IST" name="OrangeHRM Test Suite" finished-at="2025-08-08T08:25:52 IST" duration-ms="28898">
    <groups>
    </groups>
    <test started-at="2025-08-08T08:25:23 IST" name="Employee Management Tests" finished-at="2025-08-08T08:25:52 IST" duration-ms="28898">
      <class name="tests.HRM_Test">
        <test-method is-config="true" signature="setUp()[pri:0, instance:tests.HRM_Test@22ff4249]" started-at="2025-08-08T08:25:23 IST" name="setUp" finished-at="2025-08-08T08:25:30 IST" duration-ms="7179" status="PASS">
          <reporter-output>
          </reporter-output>
        </test-method> <!-- setUp -->
        <test-method signature="verifyAllTest()[pri:0, instance:tests.HRM_Test@22ff4249]" started-at="2025-08-08T08:25:30 IST" name="verifyAllTest" finished-at="2025-08-08T08:25:51 IST" duration-ms="21421" status="PASS">
          <reporter-output>
          </reporter-output>
        </test-method> <!-- verifyAllTest -->
        <test-method is-config="true" signature="tearDown()[pri:0, instance:tests.HRM_Test@22ff4249]" started-at="2025-08-08T08:25:51 IST" name="tearDown" finished-at="2025-08-08T08:25:52 IST" duration-ms="239" status="PASS">
          <reporter-output>
          </reporter-output>
        </test-method> <!-- tearDown -->
      </class> <!-- tests.HRM_Test -->
    </test> <!-- Employee Management Tests -->
  </suite> <!-- OrangeHRM Test Suite -->
</testng-results>
